INFO:root:source https://www.baristainstitute.com//blog/karoliina-makela was not downloaded because it was not found
INFO:root:source https://www.baristainstitute.com//blog/karoliina-makela was not downloaded because it was not found
INFO:root:source https://www.baristainstitute.com//blog/jori-korhonen was not downloaded because it was not found
INFO:root:source https://www.baristainstitute.com//blog/karoliina-makela was not downloaded because it was not found
INFO:root:source https://www.baristainstitute.com/mailto:karoliina.makela@paulig.com was not downloaded because it was not found
INFO:root:source http://www.pauliginstituutti.fi was not downloaded because it was not found
INFO:root:source https://www.linkedin.com/sharearticle?mini=true&url=https%3a%2f%2fwww.baristainstitute.com%2fblog%2fkaroliina-makela%2fdecember-2019%2fsuccessful-coffee-shop-some-basics-behind-business&title=https%3a%2f%2fwww.baristainstitute.com%2fblog%2fkaroliina-makela%2fdecember-2019%2fsuccessful-coffee-shop-some-basics-behind-business&source=_ was not downloaded because it was not found
INFO:root:source https://www.youtube.com/channel/ucmf21y08arljtv2l51xs6na was not downloaded because it was not found
INFO:root:source https://www.baristainstitute.com/mailto:instituutti@paulig.com was not downloaded because it was not found
INFO:root:source whatsapp://send?text=successful+coffee+shop+%e2%80%93+some+basics+behind+the+business+-+https%3a%2f%2fwww.baristainstitute.com%2fblog%2fkaroliina-makela%2fdecember-2019%2fsuccessful-coffee-shop-some-basics-behind-business was not downloaded because it was not found
INFO:root:source fb-messenger://share/?link=https%3a%2f%2fwww.baristainstitute.com%2fblog%2fkaroliina-makela%2fdecember-2019%2fsuccessful-coffee-shop-some-basics-behind-business was not downloaded because it was not found
INFO:root:source https://www.baristainstitute.com//blog/karoliina-makela was not downloaded because it was not found
INFO:root:source https://www.baristainstitute.com//blog/karoliina-makela was not downloaded because it was not found
INFO:root:source https://www.baristainstitute.com//blog/jori-korhonen was not downloaded because it was not found
INFO:root:source https://www.baristainstitute.com//blog/karoliina-makela was not downloaded because it was not found
INFO:root:source https://www.baristainstitute.com/mailto:karoliina.makela@paulig.com was not downloaded because it was not found
INFO:root:source http://www.pauliginstituutti.fi was not downloaded because it was not found
INFO:root:source https://www.linkedin.com/sharearticle?mini=true&url=https%3a%2f%2fwww.baristainstitute.com%2fblog%2fkaroliina-makela%2fdecember-2019%2fsuccessful-coffee-shop-some-basics-behind-business&title=https%3a%2f%2fwww.baristainstitute.com%2fblog%2fkaroliina-makela%2fdecember-2019%2fsuccessful-coffee-shop-some-basics-behind-business&source=_ was not downloaded because it was not found
INFO:root:source https://www.youtube.com/channel/ucmf21y08arljtv2l51xs6na was not downloaded because it was not found
INFO:root:source https://www.baristainstitute.com/mailto:instituutti@paulig.com was not downloaded because it was not found
INFO:root:source whatsapp://send?text=successful+coffee+shop+%e2%80%93+some+basics+behind+the+business+-+https%3a%2f%2fwww.baristainstitute.com%2fblog%2fkaroliina-makela%2fdecember-2019%2fsuccessful-coffee-shop-some-basics-behind-business was not downloaded because it was not found
INFO:root:source fb-messenger://share/?link=https%3a%2f%2fwww.baristainstitute.com%2fblog%2fkaroliina-makela%2fdecember-2019%2fsuccessful-coffee-shop-some-basics-behind-business was not downloaded because it was not found
INFO:root:source https://www.youtube.com/channel/ucmf21y08arljtv2l51xs6na was not downloaded because it was not found
INFO:root:source https://www.baristainstitute.com/mailto:instituutti@paulig.com was not downloaded because it was not found
INFO:root:source whatsapp://send?text=babyccino+-+https%3a%2f%2fwww.baristainstitute.com%2frecipes%2fbabyccino was not downloaded because it was not found
INFO:root:source fb-messenger://share/?link=https%3a%2f%2fwww.baristainstitute.com%2frecipes%2fbabyccino was not downloaded because it was not found
INFO:root:source https://www.linkedin.com/sharearticle?mini=true&url=https%3a%2f%2fwww.baristainstitute.com%2frecipes%2fbabyccino&title=https%3a%2f%2fwww.baristainstitute.com%2frecipes%2fbabyccino&source=_ was not downloaded because it was not found
INFO:root:source https://www.baristainstitute.com//blog/karoliina-makela was not downloaded because it was not found
INFO:root:source https://www.linkedin.com/sharearticle?mini=true&url=https%3a%2f%2fwww.baristainstitute.com%2fblog%2fkaroliina-makela%2fdecember-2019%2fsuccessful-coffee-shop-some-basics-behind-business&title=https%3a%2f%2fwww.baristainstitute.com%2fblog%2fkaroliina-makela%2fdecember-2019%2fsuccessful-coffee-shop-some-basics-behind-business&source=_ was not downloaded because it was not found
INFO:root:source https://www.baristainstitute.com//blog/karoliina-makela was not downloaded because it was not found
INFO:root:source https://www.baristainstitute.com//blog/jori-korhonen was not downloaded because it was not found
INFO:root:source https://www.baristainstitute.com//blog/karoliina-makela was not downloaded because it was not found
INFO:root:source http://www.pauliginstituutti.fi was not downloaded because it was not found
INFO:root:source https://www.baristainstitute.com/mailto:karoliina.makela@paulig.com was not downloaded because it was not found
INFO:root:source https://www.youtube.com/channel/ucmf21y08arljtv2l51xs6na was not downloaded because it was not found
INFO:root:source https://www.baristainstitute.com/mailto:instituutti@paulig.com was not downloaded because it was not found
INFO:root:source whatsapp://send?text=successful+coffee+shop+%e2%80%93+some+basics+behind+the+business+-+https%3a%2f%2fwww.baristainstitute.com%2fblog%2fkaroliina-makela%2fdecember-2019%2fsuccessful-coffee-shop-some-basics-behind-business was not downloaded because it was not found
INFO:root:source fb-messenger://share/?link=https%3a%2f%2fwww.baristainstitute.com%2fblog%2fkaroliina-makela%2fdecember-2019%2fsuccessful-coffee-shop-some-basics-behind-business was not downloaded because it was not found
INFO:root:source https://www.linkedin.com/sharearticle?mini=true&url=https%3a%2f%2fwww.baristainstitute.com%2frecipes%2fbabyccino&title=https%3a%2f%2fwww.baristainstitute.com%2frecipes%2fbabyccino&source=_ was not downloaded because it was not found
INFO:root:source https://www.youtube.com/channel/ucmf21y08arljtv2l51xs6na was not downloaded because it was not found
INFO:root:source whatsapp://send?text=babyccino+-+https%3a%2f%2fwww.baristainstitute.com%2frecipes%2fbabyccino was not downloaded because it was not found
INFO:root:source https://www.baristainstitute.com/mailto:instituutti@paulig.com was not downloaded because it was not found
INFO:root:source fb-messenger://share/?link=https%3a%2f%2fwww.baristainstitute.com%2frecipes%2fbabyccino was not downloaded because it was not found
